c:\users\timot\code\autobias\desktopcapture\x64\debug\desktopcapture.pch
c:\users\timot\code\autobias\desktopcapture\x64\debug\vc142.pdb
c:\users\timot\code\autobias\desktopcapture\x64\debug\vc142.idb
c:\users\timot\code\autobias\desktopcapture\x64\debug\pch.obj
c:\users\timot\code\autobias\desktopcapture\x64\debug\dllmain.obj
c:\users\timot\code\autobias\desktopcapture\x64\debug\capturemanager.obj
c:\users\timot\code\autobias\x64\debug\desktopcapture.lib
c:\users\timot\code\autobias\x64\debug\desktopcapture.exp
c:\users\timot\code\autobias\x64\debug\desktopcapture.dll
c:\users\timot\code\autobias\x64\debug\desktopcapture.ilk
c:\users\timot\code\autobias\x64\debug\desktopcapture.pdb
c:\users\timot\code\autobias\desktopcapture\x64\debug\desktopcapture.tlog\cl.command.1.tlog
c:\users\timot\code\autobias\desktopcapture\x64\debug\desktopcapture.tlog\cl.read.1.tlog
c:\users\timot\code\autobias\desktopcapture\x64\debug\desktopcapture.tlog\cl.write.1.tlog
c:\users\timot\code\autobias\desktopcapture\x64\debug\desktopcapture.tlog\desktopcapture.write.1u.tlog
c:\users\timot\code\autobias\desktopcapture\x64\debug\desktopcapture.tlog\link.10904.delete.1.tlog
c:\users\timot\code\autobias\desktopcapture\x64\debug\desktopcapture.tlog\link.16976.delete.1.tlog
c:\users\timot\code\autobias\desktopcapture\x64\debug\desktopcapture.tlog\link.2156.delete.1.tlog
c:\users\timot\code\autobias\desktopcapture\x64\debug\desktopcapture.tlog\link.22096.delete.1.tlog
c:\users\timot\code\autobias\desktopcapture\x64\debug\desktopcapture.tlog\link.3192.delete.1.tlog
c:\users\timot\code\autobias\desktopcapture\x64\debug\desktopcapture.tlog\link.9516.delete.1.tlog
c:\users\timot\code\autobias\desktopcapture\x64\debug\desktopcapture.tlog\link.command.1.tlog
c:\users\timot\code\autobias\desktopcapture\x64\debug\desktopcapture.tlog\link.read.1.tlog
c:\users\timot\code\autobias\desktopcapture\x64\debug\desktopcapture.tlog\link.write.1.tlog
